[0m23:14:24.068440 [debug] [MainThread]: Sending event: {'category': 'dbt', 'action': 'invocation', 'label': 'start', 'context': [<snowplow_tracker.self_describing_json.SelfDescribingJson object at 0x0000013CDA0B38C0>, <snowplow_tracker.self_describing_json.SelfDescribingJson object at 0x0000013CD7FED810>, <snowplow_tracker.self_describing_json.SelfDescribingJson object at 0x0000013CDC513C50>]}


============================== 23:14:24.083138 | ccce9db6-2bd7-4d66-bd6b-4b4bad78560b ==============================
[0m23:14:24.083138 [info ] [MainThread]: Running with dbt=1.11.6
[0m23:14:24.084624 [debug] [MainThread]: running dbt with arguments {'static_parser': 'True', 'no_print': 'None', 'version_check': 'True', 'target_path': 'None', 'warn_error_options': 'WarnErrorOptionsV2(error=[], warn=[], silence=[])', 'printer_width': '80', 'write_json': 'True', 'introspect': 'True', 'log_cache_events': 'False', 'empty': 'None', 'cache_selected_only': 'False', 'fail_fast': 'False', 'debug': 'False', 'log_format': 'default', 'profiles_dir': 'C:\\Users\\Hp\\.dbt', 'send_anonymous_usage_stats': 'True', 'quiet': 'False', 'warn_error': 'None', 'partial_parse': 'True', 'use_colors': 'True', 'invocation_command': 'dbt init dbt_project', 'indirect_selection': 'eager', 'use_experimental_parser': 'False', 'log_path': 'logs'}
[0m23:14:24.184429 [info ] [MainThread]: Creating dbt configuration folder at C:\Users\Hp\.dbt
[0m23:14:24.191976 [debug] [MainThread]: Starter project path: C:\Users\Hp\anaconda3\Lib\site-packages\dbt\include\starter_project
[0m23:14:24.279141 [info ] [MainThread]: 
Your new dbt project "dbt_project" was created!

For more information on how to configure the profiles.yml file,
please consult the dbt documentation here:

  https://docs.getdbt.com/docs/configure-your-profile

One more thing:

Need help? Don't hesitate to reach out to us via GitHub issues or on Slack:

  https://community.getdbt.com/

Happy modeling!

[0m23:14:24.280573 [info ] [MainThread]: Setting up your profile.
[0m23:16:42.447232 [info ] [MainThread]: Profile dbt_project written to C:\Users\Hp\.dbt\profiles.yml using target's profile_template.yml and your supplied values. Run 'dbt debug' to validate the connection.
[0m23:16:42.450804 [debug] [MainThread]: Command `dbt init` succeeded at 23:16:42.449446 after 138.66 seconds
[0m23:16:42.451849 [debug] [MainThread]: Sending event: {'category': 'dbt', 'action': 'invocation', 'label': 'end', 'context': [<snowplow_tracker.self_describing_json.SelfDescribingJson object at 0x0000013CDC7D49D0>, <snowplow_tracker.self_describing_json.SelfDescribingJson object at 0x0000013CDC7CC830>, <snowplow_tracker.self_describing_json.SelfDescribingJson object at 0x0000013CDB43FDF0>]}
[0m23:16:42.452740 [debug] [MainThread]: Flushing usage events
[0m23:16:43.565647 [debug] [MainThread]: An error was encountered while trying to flush usage events
